<?xml version="1.0" encoding="UTF-8"?><testsuite errors="0" failures="1" name="Yo como usuario, deseo crear una nueva cuenta en gmail" skipped="0" tests="2" time="88.81" timestamp="2023-03-03 11:18:18"><testcase name="Creación exitosa de usuario en gmail"><failure message="Registro no Exitoso" type="java.lang.AssertionError">Registro no Exitoso</failure><system-err>Registro no Exitoso
Steps.GmailSteps.validateDataUser(GmailSteps.java:101)
Steps.GmailSteps.bottonNext1(GmailSteps.java:67)
StepDefinitions.GmailStepsDefinitions.selectNext(GmailStepsDefinitions.java:49)
✽.doy clic sobre el boton 'siguiente' y registro mi 3228942647(src/test/resources/Feature/gmail.feature:11)
</system-err></testcase></testsuite>